{"@timestamp": "2025-07-23T14:17:48+00:00", "status": 404, "url": "/api/info/...", "request_method": "GET", "response_time": 0.062, "http_user_agent": "user_agent_1"}
{"@timestamp": "2025-07-23T14:17:49+00:00", "status": 404, "url": "/api/data/...", "request_method": "POST", "response_time": 0.016, "http_user_agent": "xyz"}
{"@timestamp": "2025-07-23T14:17:50+00:00", "status": 500, "url": "/api/data/...", "request_method": "POST", "response_time": 0.041, "http_user_agent": "xyz"}
{"@timestamp": "2025-07-23T14:17:51+00:00", "status": 404, "url": "/api/context/...", "request_method": "DELETE", "response_time": 0.077, "http_user_agent": "user_agent_2"}
{"@timestamp": "2025-07-23T14:17:52+00:00", "status": 200, "url": "/api/data/...", "request_method": "GET", "response_time": 0.058, "http_user_agent": "user_agent_2"}
{"@timestamp": "2025-07-23T14:17:53+00:00", "status": 404, "url": "/api/info/...", "request_method": "GET", "response_time": 0.079, "http_user_agent": "user_agent_1"}
{"@timestamp": "2025-07-23T14:17:54+00:00", "status": 404, "url": "/api/info/...", "request_method": "DELETE", "response_time": 0.083, "http_user_agent": "xyz"}
{"@timestamp": "2025-07-23T14:17:55+00:00", "status": 500, "url": "/api/info/...", "request_method": "DELETE", "response_time": 0.052, "http_user_agent": "user_agent_2"}
{"@timestamp": "2025-07-23T14:17:56+00:00", "status": 404, "url": "/api/data/...", "request_method": "POST", "response_time": 0.055, "http_user_agent": "abc"}
{"@timestamp": "2025-07-23T14:17:57+00:00", "status": 404, "url": "/api/data/...", "request_method": "GET", "response_time": 0.021, "http_user_agent": "abc"}
{"@timestamp": "2025-07-23T14:17:58+00:00", "status": 404, "url": "/api/context/...", "request_method": "PUT", "response_time": 0.058, "http_user_agent": "user_agent_2"}
{"@timestamp": "2025-07-23T14:17:59+00:00", "status": 200, "url": "/api/context/...", "request_method": "POST", "response_time": 0.019, "http_user_agent": "user_agent_2"}
{"@timestamp": "2025-07-23T14:18:00+00:00", "status": 500, "url": "/api/info/...", "request_method": "DELETE", "response_time": 0.075, "http_user_agent": "user_agent_1"}
{"@timestamp": "2025-07-23T14:18:01+00:00", "status": 200, "url": "/api/context/...", "request_method": "POST", "response_time": 0.046, "http_user_agent": "user_agent_2"}
{"@timestamp": "2025-07-23T14:18:02+00:00", "status": 404, "url": "/api/data/...", "request_method": "POST", "response_time": 0.053, "http_user_agent": "xyz"}
{"@timestamp": "2025-07-23T14:18:03+00:00", "status": 200, "url": "/api/info/...", "request_method": "GET", "response_time": 0.042, "http_user_agent": "abc"}
{"@timestamp": "2025-07-23T14:18:04+00:00", "status": 200, "url": "/api/context/...", "request_method": "GET", "response_time": 0.038, "http_user_agent": "user_agent_1"}
{"@timestamp": "2025-07-23T14:18:05+00:00", "status": 200, "url": "/api/context/...", "request_method": "POST", "response_time": 0.012, "http_user_agent": "xyz"}
{"@timestamp": "2025-07-23T14:18:06+00:00", "status": 200, "url": "/api/data/...", "request_method": "GET", "response_time": 0.036, "http_user_agent": "xyz"}
{"@timestamp": "2025-07-23T14:18:07+00:00", "status": 404, "url": "/api/info/...", "request_method": "DELETE", "response_time": 0.041, "http_user_agent": "xyz"}
{"@timestamp": "2025-07-23T14:18:08+00:00", "status": 200, "url": "/api/data/...", "request_method": "DELETE", "response_time": 0.064, "http_user_agent": "xyz"}
{"@timestamp": "2025-07-23T14:18:09+00:00", "status": 404, "url": "/api/data/...", "request_method": "GET", "response_time": 0.053, "http_user_agent": "user_agent_2"}
{"@timestamp": "2025-07-23T14:18:10+00:00", "status": 404, "url": "/api/info/...", "request_method": "PUT", "response_time": 0.069, "http_user_agent": "user_agent_2"}
{"@timestamp": "2025-07-23T14:18:11+00:00", "status": 404, "url": "/api/data/...", "request_method": "POST", "response_time": 0.094, "http_user_agent": "user_agent_2"}
{"@timestamp": "2025-07-23T14:18:12+00:00", "status": 500, "url": "/api/info/...", "request_method": "POST", "response_time": 0.027, "http_user_agent": "user_agent_1"}
{"@timestamp": "2025-07-23T14:18:13+00:00", "status": 200, "url": "/api/context/...", "request_method": "PUT", "response_time": 0.012, "http_user_agent": "xyz"}
{"@timestamp": "2025-07-23T14:18:14+00:00", "status": 200, "url": "/api/context/...", "request_method": "POST", "response_time": 0.095, "http_user_agent": "abc"}
{"@timestamp": "2025-07-23T14:18:15+00:00", "status": 404, "url": "/api/info/...", "request_method": "POST", "response_time": 0.093, "http_user_agent": "user_agent_2"}
{"@timestamp": "2025-07-23T14:18:16+00:00", "status": 200, "url": "/api/context/...", "request_method": "POST", "response_time": 0.027, "http_user_agent": "abc"}
{"@timestamp": "2025-07-23T14:18:17+00:00", "status": 500, "url": "/api/info/...", "request_method": "GET", "response_time": 0.072, "http_user_agent": "user_agent_1"}
{"@timestamp": "2025-07-23T14:18:18+00:00", "status": 404, "url": "/api/info/...", "request_method": "GET", "response_time": 0.095, "http_user_agent": "xyz"}
{"@timestamp": "2025-07-23T14:18:19+00:00", "status": 404, "url": "/api/data/...", "request_method": "PUT", "response_time": 0.037, "http_user_agent": "abc"}
{"@timestamp": "2025-07-23T14:18:20+00:00", "status": 200, "url": "/api/info/...", "request_method": "GET", "response_time": 0.07, "http_user_agent": "user_agent_1"}
{"@timestamp": "2025-07-23T14:18:21+00:00", "status": 200, "url": "/api/data/...", "request_method": "POST", "response_time": 0.05, "http_user_agent": "abc"}
{"@timestamp": "2025-07-23T14:18:22+00:00", "status": 200, "url": "/api/data/...", "request_method": "POST", "response_time": 0.08, "http_user_agent": "user_agent_1"}
{"@timestamp": "2025-07-23T14:18:23+00:00", "status": 404, "url": "/api/info/...", "request_method": "GET", "response_time": 0.041, "http_user_agent": "xyz"}
{"@timestamp": "2025-07-23T14:18:24+00:00", "status": 200, "url": "/api/info/...", "request_method": "PUT", "response_time": 0.022, "http_user_agent": "xyz"}
{"@timestamp": "2025-07-23T14:18:25+00:00", "status": 500, "url": "/api/data/...", "request_method": "GET", "response_time": 0.087, "http_user_agent": "xyz"}
{"@timestamp": "2025-07-23T14:18:26+00:00", "status": 500, "url": "/api/data/...", "request_method": "POST", "response_time": 0.056, "http_user_agent": "xyz"}
{"@timestamp": "2025-07-23T14:18:27+00:00", "status": 200, "url": "/api/info/...", "request_method": "DELETE", "response_time": 0.04, "http_user_agent": "xyz"}
{"@timestamp": "2025-07-23T14:18:28+00:00", "status": 200, "url": "/api/data/...", "request_method": "GET", "response_time": 0.07, "http_user_agent": "user_agent_2"}
{"@timestamp": "2025-07-23T14:18:29+00:00", "status": 404, "url": "/api/context/...", "request_method": "DELETE", "response_time": 0.04, "http_user_agent": "abc"}
{"@timestamp": "2025-07-23T14:18:30+00:00", "status": 404, "url": "/api/data/...", "request_method": "PUT", "response_time": 0.076, "http_user_agent": "user_agent_2"}
{"@timestamp": "2025-07-23T14:18:31+00:00", "status": 200, "url": "/api/data/...", "request_method": "PUT", "response_time": 0.08, "http_user_agent": "xyz"}
{"@timestamp": "2025-07-23T14:18:32+00:00", "status": 404, "url": "/api/context/...", "request_method": "GET", "response_time": 0.081, "http_user_agent": "user_agent_1"}
{"@timestamp": "2025-07-23T14:18:33+00:00", "status": 500, "url": "/api/info/...", "request_method": "DELETE", "response_time": 0.066, "http_user_agent": "user_agent_2"}
{"@timestamp": "2025-07-23T14:18:34+00:00", "status": 500, "url": "/api/data/...", "request_method": "DELETE", "response_time": 0.079, "http_user_agent": "xyz"}
{"@timestamp": "2025-07-23T14:18:35+00:00", "status": 500, "url": "/api/info/...", "request_method": "GET", "response_time": 0.056, "http_user_agent": "user_agent_2"}
{"@timestamp": "2025-07-23T14:18:36+00:00", "status": 404, "url": "/api/info/...", "request_method": "GET", "response_time": 0.072, "http_user_agent": "user_agent_2"}
{"@timestamp": "2025-07-23T14:18:37+00:00", "status": 404, "url": "/api/info/...", "request_method": "DELETE", "response_time": 0.041, "http_user_agent": "user_agent_2"}
{"@timestamp": "2025-07-23T14:18:38+00:00", "status": 500, "url": "/api/data/...", "request_method": "POST", "response_time": 0.044, "http_user_agent": "user_agent_2"}
{"@timestamp": "2025-07-23T14:18:39+00:00", "status": 500, "url": "/api/data/...", "request_method": "POST", "response_time": 0.064, "http_user_agent": "xyz"}
{"@timestamp": "2025-07-23T14:18:40+00:00", "status": 404, "url": "/api/context/...", "request_method": "POST", "response_time": 0.055, "http_user_agent": "user_agent_1"}
{"@timestamp": "2025-07-23T14:18:41+00:00", "status": 200, "url": "/api/info/...", "request_method": "GET", "response_time": 0.099, "http_user_agent": "user_agent_2"}
{"@timestamp": "2025-07-23T14:18:42+00:00", "status": 500, "url": "/api/info/...", "request_method": "DELETE", "response_time": 0.012, "http_user_agent": "user_agent_2"}
{"@timestamp": "2025-07-23T14:18:43+00:00", "status": 200, "url": "/api/info/...", "request_method": "POST", "response_time": 0.06, "http_user_agent": "abc"}
{"@timestamp": "2025-07-23T14:18:44+00:00", "status": 200, "url": "/api/context/...", "request_method": "DELETE", "response_time": 0.042, "http_user_agent": "user_agent_2"}
{"@timestamp": "2025-07-23T14:18:45+00:00", "status": 404, "url": "/api/context/...", "request_method": "GET", "response_time": 0.018, "http_user_agent": "abc"}
{"@timestamp": "2025-07-23T14:18:46+00:00", "status": 404, "url": "/api/data/...", "request_method": "DELETE", "response_time": 0.082, "http_user_agent": "abc"}
{"@timestamp": "2025-07-23T14:18:47+00:00", "status": 500, "url": "/api/info/...", "request_method": "POST", "response_time": 0.026, "http_user_agent": "xyz"}
{"@timestamp": "2025-07-23T14:18:48+00:00", "status": 500, "url": "/api/data/...", "request_method": "POST", "response_time": 0.087, "http_user_agent": "user_agent_1"}
{"@timestamp": "2025-07-23T14:18:49+00:00", "status": 500, "url": "/api/info/...", "request_method": "POST", "response_time": 0.082, "http_user_agent": "xyz"}
{"@timestamp": "2025-07-23T14:18:50+00:00", "status": 404, "url": "/api/context/...", "request_method": "POST", "response_time": 0.074, "http_user_agent": "abc"}
{"@timestamp": "2025-07-23T14:18:51+00:00", "status": 200, "url": "/api/info/...", "request_method": "GET", "response_time": 0.041, "http_user_agent": "abc"}
{"@timestamp": "2025-07-23T14:18:52+00:00", "status": 500, "url": "/api/info/...", "request_method": "PUT", "response_time": 0.068, "http_user_agent": "abc"}
{"@timestamp": "2025-07-23T14:18:53+00:00", "status": 200, "url": "/api/data/...", "request_method": "DELETE", "response_time": 0.085, "http_user_agent": "xyz"}
{"@timestamp": "2025-07-23T14:18:54+00:00", "status": 500, "url": "/api/info/...", "request_method": "POST", "response_time": 0.079, "http_user_agent": "abc"}
{"@timestamp": "2025-07-23T14:18:55+00:00", "status": 500, "url": "/api/info/...", "request_method": "GET", "response_time": 0.035, "http_user_agent": "abc"}
{"@timestamp": "2025-07-23T14:18:56+00:00", "status": 200, "url": "/api/data/...", "request_method": "GET", "response_time": 0.077, "http_user_agent": "abc"}
{"@timestamp": "2025-07-23T14:18:57+00:00", "status": 404, "url": "/api/info/...", "request_method": "GET", "response_time": 0.064, "http_user_agent": "user_agent_1"}
{"@timestamp": "2025-07-23T14:18:58+00:00", "status": 500, "url": "/api/info/...", "request_method": "PUT", "response_time": 0.09, "http_user_agent": "user_agent_2"}
{"@timestamp": "2025-07-23T14:18:59+00:00", "status": 500, "url": "/api/context/...", "request_method": "GET", "response_time": 0.09, "http_user_agent": "user_agent_1"}
{"@timestamp": "2025-07-23T14:19:00+00:00", "status": 500, "url": "/api/info/...", "request_method": "DELETE", "response_time": 0.03, "http_user_agent": "user_agent_1"}
{"@timestamp": "2025-07-23T14:19:01+00:00", "status": 200, "url": "/api/data/...", "request_method": "PUT", "response_time": 0.072, "http_user_agent": "user_agent_2"}
{"@timestamp": "2025-07-23T14:19:02+00:00", "status": 404, "url": "/api/info/...", "request_method": "PUT", "response_time": 0.082, "http_user_agent": "xyz"}
{"@timestamp": "2025-07-23T14:19:03+00:00", "status": 500, "url": "/api/info/...", "request_method": "GET", "response_time": 0.046, "http_user_agent": "user_agent_1"}
{"@timestamp": "2025-07-23T14:19:04+00:00", "status": 200, "url": "/api/info/...", "request_method": "DELETE", "response_time": 0.051, "http_user_agent": "user_agent_1"}
{"@timestamp": "2025-07-23T14:19:05+00:00", "status": 404, "url": "/api/context/...", "request_method": "POST", "response_time": 0.021, "http_user_agent": "abc"}
{"@timestamp": "2025-07-23T14:19:06+00:00", "status": 200, "url": "/api/data/...", "request_method": "DELETE", "response_time": 0.088, "http_user_agent": "xyz"}
{"@timestamp": "2025-07-23T14:19:07+00:00", "status": 500, "url": "/api/context/...", "request_method": "DELETE", "response_time": 0.075, "http_user_agent": "abc"}
{"@timestamp": "2025-07-23T14:19:08+00:00", "status": 500, "url": "/api/context/...", "request_method": "GET", "response_time": 0.023, "http_user_agent": "abc"}
{"@timestamp": "2025-07-23T14:19:09+00:00", "status": 500, "url": "/api/context/...", "request_method": "POST", "response_time": 0.038, "http_user_agent": "abc"}
{"@timestamp": "2025-07-23T14:19:10+00:00", "status": 404, "url": "/api/context/...", "request_method": "POST", "response_time": 0.07, "http_user_agent": "abc"}
{"@timestamp": "2025-07-23T14:19:11+00:00", "status": 200, "url": "/api/context/...", "request_method": "DELETE", "response_time": 0.031, "http_user_agent": "user_agent_1"}
{"@timestamp": "2025-07-23T14:19:12+00:00", "status": 404, "url": "/api/context/...", "request_method": "GET", "response_time": 0.032, "http_user_agent": "abc"}
{"@timestamp": "2025-07-23T14:19:13+00:00", "status": 404, "url": "/api/info/...", "request_method": "POST", "response_time": 0.069, "http_user_agent": "user_agent_1"}
{"@timestamp": "2025-07-23T14:19:14+00:00", "status": 500, "url": "/api/context/...", "request_method": "PUT", "response_time": 0.082, "http_user_agent": "abc"}
{"@timestamp": "2025-07-23T14:19:15+00:00", "status": 200, "url": "/api/data/...", "request_method": "DELETE", "response_time": 0.09, "http_user_agent": "user_agent_1"}
{"@timestamp": "2025-07-23T14:19:16+00:00", "status": 500, "url": "/api/info/...", "request_method": "PUT", "response_time": 0.055, "http_user_agent": "xyz"}
{"@timestamp": "2025-07-23T14:19:17+00:00", "status": 200, "url": "/api/info/...", "request_method": "POST", "response_time": 0.076, "http_user_agent": "xyz"}
{"@timestamp": "2025-07-23T14:19:18+00:00", "status": 404, "url": "/api/context/...", "request_method": "DELETE", "response_time": 0.044, "http_user_agent": "xyz"}
{"@timestamp": "2025-07-23T14:19:19+00:00", "status": 404, "url": "/api/info/...", "request_method": "DELETE", "response_time": 0.022, "http_user_agent": "user_agent_1"}
{"@timestamp": "2025-07-23T14:19:20+00:00", "status": 200, "url": "/api/info/...", "request_method": "PUT", "response_time": 0.074, "http_user_agent": "xyz"}
{"@timestamp": "2025-07-23T14:19:21+00:00", "status": 500, "url": "/api/context/...", "request_method": "DELETE", "response_time": 0.018, "http_user_agent": "xyz"}
{"@timestamp": "2025-07-23T14:19:22+00:00", "status": 404, "url": "/api/info/...", "request_method": "GET", "response_time": 0.067, "http_user_agent": "user_agent_2"}
{"@timestamp": "2025-07-23T14:19:23+00:00", "status": 500, "url": "/api/info/...", "request_method": "PUT", "response_time": 0.011, "http_user_agent": "xyz"}
{"@timestamp": "2025-07-23T14:19:24+00:00", "status": 200, "url": "/api/data/...", "request_method": "POST", "response_time": 0.032, "http_user_agent": "xyz"}
{"@timestamp": "2025-07-23T14:19:25+00:00", "status": 200, "url": "/api/data/...", "request_method": "PUT", "response_time": 0.054, "http_user_agent": "user_agent_2"}
{"@timestamp": "2025-07-23T14:19:26+00:00", "status": 200, "url": "/api/info/...", "request_method": "POST", "response_time": 0.033, "http_user_agent": "abc"}
{"@timestamp": "2025-07-23T14:19:27+00:00", "status": 200, "url": "/api/info/...", "request_method": "POST", "response_time": 0.09, "http_user_agent": "user_agent_1"}
{"@timestamp": "2025-07-23T14:19:28+00:00", "status": 200, "url": "/api/info/...", "request_method": "POST", "response_time": 0.082, "http_user_agent": "abc"}
{"@timestamp": "2025-07-23T14:19:29+00:00", "status": 200, "url": "/api/context/...", "request_method": "DELETE", "response_time": 0.039, "http_user_agent": "abc"}
{"@timestamp": "2025-07-23T14:19:30+00:00", "status": 404, "url": "/api/data/...", "request_method": "GET", "response_time": 0.051, "http_user_agent": "abc"}
{"@timestamp": "2025-07-23T14:19:31+00:00", "status": 404, "url": "/api/data/...", "request_method": "PUT", "response_time": 0.044, "http_user_agent": "abc"}
{"@timestamp": "2025-07-23T14:19:32+00:00", "status": 404, "url": "/api/data/...", "request_method": "POST", "response_time": 0.024, "http_user_agent": "xyz"}
{"@timestamp": "2025-07-23T14:19:33+00:00", "status": 200, "url": "/api/info/...", "request_method": "PUT", "response_time": 0.032, "http_user_agent": "xyz"}
{"@timestamp": "2025-07-23T14:19:34+00:00", "status": 200, "url": "/api/data/...", "request_method": "GET", "response_time": 0.025, "http_user_agent": "user_agent_2"}
{"@timestamp": "2025-07-23T14:19:35+00:00", "status": 200, "url": "/api/data/...", "request_method": "PUT", "response_time": 0.014, "http_user_agent": "xyz"}
{"@timestamp": "2025-07-23T14:19:36+00:00", "status": 404, "url": "/api/data/...", "request_method": "DELETE", "response_time": 0.012, "http_user_agent": "abc"}
{"@timestamp": "2025-07-23T14:19:37+00:00", "status": 404, "url": "/api/context/...", "request_method": "POST", "response_time": 0.039, "http_user_agent": "abc"}
{"@timestamp": "2025-07-23T14:19:38+00:00", "status": 500, "url": "/api/context/...", "request_method": "POST", "response_time": 0.079, "http_user_agent": "abc"}
{"@timestamp": "2025-07-23T14:19:39+00:00", "status": 200, "url": "/api/info/...", "request_method": "POST", "response_time": 0.055, "http_user_agent": "abc"}
{"@timestamp": "2025-07-23T14:19:40+00:00", "status": 500, "url": "/api/context/...", "request_method": "POST", "response_time": 0.073, "http_user_agent": "abc"}
{"@timestamp": "2025-07-23T14:19:41+00:00", "status": 200, "url": "/api/data/...", "request_method": "DELETE", "response_time": 0.076, "http_user_agent": "abc"}
{"@timestamp": "2025-07-23T14:19:42+00:00", "status": 404, "url": "/api/info/...", "request_method": "POST", "response_time": 0.07, "http_user_agent": "user_agent_1"}
{"@timestamp": "2025-07-23T14:19:43+00:00", "status": 200, "url": "/api/info/...", "request_method": "POST", "response_time": 0.027, "http_user_agent": "xyz"}
{"@timestamp": "2025-07-23T14:19:44+00:00", "status": 500, "url": "/api/info/...", "request_method": "PUT", "response_time": 0.013, "http_user_agent": "user_agent_1"}
{"@timestamp": "2025-07-23T14:19:45+00:00", "status": 200, "url": "/api/data/...", "request_method": "GET", "response_time": 0.026, "http_user_agent": "user_agent_1"}
{"@timestamp": "2025-07-23T14:19:46+00:00", "status": 404, "url": "/api/info/...", "request_method": "PUT", "response_time": 0.048, "http_user_agent": "xyz"}
{"@timestamp": "2025-07-23T14:19:47+00:00", "status": 500, "url": "/api/context/...", "request_method": "POST", "response_time": 0.022, "http_user_agent": "xyz"}
{"@timestamp": "2025-07-23T14:19:48+00:00", "status": 500, "url": "/api/info/...", "request_method": "GET", "response_time": 0.09, "http_user_agent": "user_agent_2"}
{"@timestamp": "2025-07-23T14:19:49+00:00", "status": 200, "url": "/api/info/...", "request_method": "POST", "response_time": 0.018, "http_user_agent": "user_agent_1"}
{"@timestamp": "2025-07-23T14:19:50+00:00", "status": 404, "url": "/api/data/...", "request_method": "PUT", "response_time": 0.052, "http_user_agent": "user_agent_1"}
{"@timestamp": "2025-07-23T14:19:51+00:00", "status": 200, "url": "/api/info/...", "request_method": "DELETE", "response_time": 0.018, "http_user_agent": "abc"}
{"@timestamp": "2025-07-23T14:19:52+00:00", "status": 500, "url": "/api/context/...", "request_method": "POST", "response_time": 0.016, "http_user_agent": "user_agent_1"}
{"@timestamp": "2025-07-23T14:19:53+00:00", "status": 404, "url": "/api/data/...", "request_method": "POST", "response_time": 0.085, "http_user_agent": "user_agent_1"}
{"@timestamp": "2025-07-23T14:19:54+00:00", "status": 500, "url": "/api/data/...", "request_method": "GET", "response_time": 0.073, "http_user_agent": "user_agent_1"}
{"@timestamp": "2025-07-23T14:19:55+00:00", "status": 500, "url": "/api/context/...", "request_method": "DELETE", "response_time": 0.026, "http_user_agent": "user_agent_2"}
{"@timestamp": "2025-07-23T14:19:56+00:00", "status": 500, "url": "/api/data/...", "request_method": "GET", "response_time": 0.045, "http_user_agent": "abc"}
{"@timestamp": "2025-07-23T14:19:57+00:00", "status": 500, "url": "/api/context/...", "request_method": "POST", "response_time": 0.059, "http_user_agent": "abc"}
{"@timestamp": "2025-07-23T14:19:58+00:00", "status": 500, "url": "/api/data/...", "request_method": "PUT", "response_time": 0.065, "http_user_agent": "abc"}
{"@timestamp": "2025-07-23T14:19:59+00:00", "status": 500, "url": "/api/data/...", "request_method": "GET", "response_time": 0.077, "http_user_agent": "user_agent_2"}
{"@timestamp": "2025-07-23T14:20:00+00:00", "status": 500, "url": "/api/context/...", "request_method": "GET", "response_time": 0.033, "http_user_agent": "user_agent_2"}
{"@timestamp": "2025-07-23T14:20:01+00:00", "status": 404, "url": "/api/context/...", "request_method": "PUT", "response_time": 0.039, "http_user_agent": "user_agent_2"}
{"@timestamp": "2025-07-23T14:20:02+00:00", "status": 500, "url": "/api/data/...", "request_method": "DELETE", "response_time": 0.043, "http_user_agent": "user_agent_2"}
{"@timestamp": "2025-07-23T14:20:03+00:00", "status": 404, "url": "/api/data/...", "request_method": "DELETE", "response_time": 0.061, "http_user_agent": "user_agent_1"}
{"@timestamp": "2025-07-23T14:20:04+00:00", "status": 500, "url": "/api/data/...", "request_method": "GET", "response_time": 0.024, "http_user_agent": "abc"}
{"@timestamp": "2025-07-23T14:20:05+00:00", "status": 200, "url": "/api/info/...", "request_method": "PUT", "response_time": 0.086, "http_user_agent": "xyz"}
{"@timestamp": "2025-07-23T14:20:06+00:00", "status": 200, "url": "/api/context/...", "request_method": "PUT", "response_time": 0.061, "http_user_agent": "user_agent_1"}
{"@timestamp": "2025-07-23T14:20:07+00:00", "status": 404, "url": "/api/info/...", "request_method": "DELETE", "response_time": 0.023, "http_user_agent": "abc"}
{"@timestamp": "2025-07-23T14:20:08+00:00", "status": 500, "url": "/api/context/...", "request_method": "DELETE", "response_time": 0.072, "http_user_agent": "xyz"}
{"@timestamp": "2025-07-23T14:20:09+00:00", "status": 404, "url": "/api/context/...", "request_method": "GET", "response_time": 0.086, "http_user_agent": "user_agent_1"}
{"@timestamp": "2025-07-23T14:20:10+00:00", "status": 200, "url": "/api/context/...", "request_method": "PUT", "response_time": 0.071, "http_user_agent": "user_agent_2"}
{"@timestamp": "2025-07-23T14:20:11+00:00", "status": 404, "url": "/api/info/...", "request_method": "PUT", "response_time": 0.079, "http_user_agent": "user_agent_2"}
{"@timestamp": "2025-07-23T14:20:12+00:00", "status": 500, "url": "/api/context/...", "request_method": "POST", "response_time": 0.031, "http_user_agent": "abc"}
{"@timestamp": "2025-07-23T14:20:13+00:00", "status": 404, "url": "/api/data/...", "request_method": "DELETE", "response_time": 0.041, "http_user_agent": "xyz"}
{"@timestamp": "2025-07-23T14:20:14+00:00", "status": 200, "url": "/api/context/...", "request_method": "POST", "response_time": 0.017, "http_user_agent": "xyz"}
{"@timestamp": "2025-07-23T14:20:15+00:00", "status": 404, "url": "/api/context/...", "request_method": "PUT", "response_time": 0.036, "http_user_agent": "user_agent_1"}
{"@timestamp": "2025-07-23T14:20:16+00:00", "status": 200, "url": "/api/context/...", "request_method": "GET", "response_time": 0.059, "http_user_agent": "xyz"}
{"@timestamp": "2025-07-23T14:20:17+00:00", "status": 500, "url": "/api/data/...", "request_method": "POST", "response_time": 0.068, "http_user_agent": "abc"}
{"@timestamp": "2025-07-23T14:20:18+00:00", "status": 500, "url": "/api/data/...", "request_method": "PUT", "response_time": 0.048, "http_user_agent": "abc"}
{"@timestamp": "2025-07-23T14:20:19+00:00", "status": 404, "url": "/api/context/...", "request_method": "GET", "response_time": 0.036, "http_user_agent": "user_agent_1"}
{"@timestamp": "2025-07-23T14:20:20+00:00", "status": 404, "url": "/api/data/...", "request_method": "DELETE", "response_time": 0.04, "http_user_agent": "user_agent_1"}
{"@timestamp": "2025-07-23T14:20:21+00:00", "status": 200, "url": "/api/data/...", "request_method": "GET", "response_time": 0.034, "http_user_agent": "user_agent_2"}
{"@timestamp": "2025-07-23T14:20:22+00:00", "status": 500, "url": "/api/context/...", "request_method": "DELETE", "response_time": 0.05, "http_user_agent": "user_agent_1"}
{"@timestamp": "2025-07-23T14:20:23+00:00", "status": 404, "url": "/api/info/...", "request_method": "GET", "response_time": 0.096, "http_user_agent": "xyz"}
{"@timestamp": "2025-07-23T14:20:24+00:00", "status": 200, "url": "/api/info/...", "request_method": "GET", "response_time": 0.07, "http_user_agent": "xyz"}
{"@timestamp": "2025-07-23T14:20:25+00:00", "status": 200, "url": "/api/context/...", "request_method": "DELETE", "response_time": 0.066, "http_user_agent": "abc"}
{"@timestamp": "2025-07-23T14:20:26+00:00", "status": 200, "url": "/api/context/...", "request_method": "POST", "response_time": 0.015, "http_user_agent": "user_agent_1"}
{"@timestamp": "2025-07-23T14:20:27+00:00", "status": 200, "url": "/api/data/...", "request_method": "PUT", "response_time": 0.068, "http_user_agent": "xyz"}
{"@timestamp": "2025-07-23T14:20:28+00:00", "status": 200, "url": "/api/info/...", "request_method": "DELETE", "response_time": 0.069, "http_user_agent": "user_agent_1"}
{"@timestamp": "2025-07-23T14:20:29+00:00", "status": 200, "url": "/api/data/...", "request_method": "PUT", "response_time": 0.097, "http_user_agent": "user_agent_2"}
{"@timestamp": "2025-07-23T14:20:30+00:00", "status": 200, "url": "/api/data/...", "request_method": "POST", "response_time": 0.088, "http_user_agent": "user_agent_2"}
{"@timestamp": "2025-07-23T14:20:31+00:00", "status": 500, "url": "/api/info/...", "request_method": "PUT", "response_time": 0.023, "http_user_agent": "abc"}
{"@timestamp": "2025-07-23T14:20:32+00:00", "status": 200, "url": "/api/info/...", "request_method": "PUT", "response_time": 0.03, "http_user_agent": "abc"}
{"@timestamp": "2025-07-23T14:20:34+00:00", "status": 500, "url": "/api/context/...", "request_method": "PUT", "response_time": 0.017, "http_user_agent": "abc"}
{"@timestamp": "2025-07-23T14:20:34+00:00", "status": 500, "url": "/api/info/...", "request_method": "POST", "response_time": 0.07, "http_user_agent": "xyz"}
{"@timestamp": "2025-07-23T14:20:35+00:00", "status": 200, "url": "/api/context/...", "request_method": "PUT", "response_time": 0.086, "http_user_agent": "abc"}
{"@timestamp": "2025-07-23T14:20:36+00:00", "status": 500, "url": "/api/info/...", "request_method": "DELETE", "response_time": 0.094, "http_user_agent": "user_agent_2"}
{"@timestamp": "2025-07-23T14:20:37+00:00", "status": 200, "url": "/api/data/...", "request_method": "PUT", "response_time": 0.037, "http_user_agent": "user_agent_2"}
{"@timestamp": "2025-07-23T14:20:38+00:00", "status": 200, "url": "/api/context/...", "request_method": "GET", "response_time": 0.077, "http_user_agent": "abc"}
{"@timestamp": "2025-07-23T14:20:39+00:00", "status": 200, "url": "/api/data/...", "request_method": "DELETE", "response_time": 0.022, "http_user_agent": "xyz"}
{"@timestamp": "2025-07-23T14:20:40+00:00", "status": 500, "url": "/api/info/...", "request_method": "DELETE", "response_time": 0.079, "http_user_agent": "user_agent_1"}
{"@timestamp": "2025-07-23T14:20:41+00:00", "status": 404, "url": "/api/info/...", "request_method": "PUT", "response_time": 0.021, "http_user_agent": "user_agent_1"}
{"@timestamp": "2025-07-23T14:20:42+00:00", "status": 200, "url": "/api/context/...", "request_method": "DELETE", "response_time": 0.057, "http_user_agent": "xyz"}
{"@timestamp": "2025-07-23T14:20:43+00:00", "status": 200, "url": "/api/data/...", "request_method": "POST", "response_time": 0.011, "http_user_agent": "xyz"}
{"@timestamp": "2025-07-23T14:20:44+00:00", "status": 200, "url": "/api/info/...", "request_method": "POST", "response_time": 0.1, "http_user_agent": "abc"}
{"@timestamp": "2025-07-23T14:20:45+00:00", "status": 200, "url": "/api/context/...", "request_method": "DELETE", "response_time": 0.098, "http_user_agent": "user_agent_1"}
{"@timestamp": "2025-07-23T14:20:46+00:00", "status": 200, "url": "/api/data/...", "request_method": "DELETE", "response_time": 0.08, "http_user_agent": "user_agent_1"}
{"@timestamp": "2025-07-23T14:20:47+00:00", "status": 200, "url": "/api/info/...", "request_method": "DELETE", "response_time": 0.091, "http_user_agent": "abc"}
{"@timestamp": "2025-07-23T14:20:48+00:00", "status": 200, "url": "/api/data/...", "request_method": "POST", "response_time": 0.025, "http_user_agent": "xyz"}
{"@timestamp": "2025-07-23T14:20:49+00:00", "status": 500, "url": "/api/info/...", "request_method": "DELETE", "response_time": 0.048, "http_user_agent": "user_agent_2"}
{"@timestamp": "2025-07-23T14:20:50+00:00", "status": 500, "url": "/api/data/...", "request_method": "PUT", "response_time": 0.037, "http_user_agent": "xyz"}
{"@timestamp": "2025-07-23T14:20:51+00:00", "status": 500, "url": "/api/data/...", "request_method": "GET", "response_time": 0.037, "http_user_agent": "user_agent_2"}
{"@timestamp": "2025-07-23T14:20:52+00:00", "status": 200, "url": "/api/info/...", "request_method": "GET", "response_time": 0.024, "http_user_agent": "abc"}
{"@timestamp": "2025-07-23T14:20:53+00:00", "status": 500, "url": "/api/info/...", "request_method": "GET", "response_time": 0.019, "http_user_agent": "xyz"}
{"@timestamp": "2025-07-23T14:20:54+00:00", "status": 500, "url": "/api/info/...", "request_method": "DELETE", "response_time": 0.033, "http_user_agent": "user_agent_2"}
{"@timestamp": "2025-07-23T14:20:55+00:00", "status": 404, "url": "/api/context/...", "request_method": "POST", "response_time": 0.071, "http_user_agent": "user_agent_1"}
{"@timestamp": "2025-07-23T14:20:56+00:00", "status": 500, "url": "/api/context/...", "request_method": "GET", "response_time": 0.093, "http_user_agent": "user_agent_2"}
{"@timestamp": "2025-07-23T14:20:57+00:00", "status": 200, "url": "/api/info/...", "request_method": "PUT", "response_time": 0.034, "http_user_agent": "abc"}
{"@timestamp": "2025-07-23T14:20:58+00:00", "status": 500, "url": "/api/data/...", "request_method": "DELETE", "response_time": 0.057, "http_user_agent": "abc"}
{"@timestamp": "2025-07-23T14:20:59+00:00", "status": 200, "url": "/api/info/...", "request_method": "GET", "response_time": 0.093, "http_user_agent": "user_agent_1"}
{"@timestamp": "2025-07-23T14:21:00+00:00", "status": 500, "url": "/api/context/...", "request_method": "GET", "response_time": 0.1, "http_user_agent": "abc"}
{"@timestamp": "2025-07-23T14:21:01+00:00", "status": 404, "url": "/api/context/...", "request_method": "DELETE", "response_time": 0.029, "http_user_agent": "user_agent_1"}
{"@timestamp": "2025-07-23T14:21:02+00:00", "status": 200, "url": "/api/info/...", "request_method": "GET", "response_time": 0.034, "http_user_agent": "xyz"}
{"@timestamp": "2025-07-23T14:21:03+00:00", "status": 500, "url": "/api/info/...", "request_method": "GET", "response_time": 0.062, "http_user_agent": "xyz"}
{"@timestamp": "2025-07-23T14:21:04+00:00", "status": 200, "url": "/api/data/...", "request_method": "PUT", "response_time": 0.039, "http_user_agent": "xyz"}
{"@timestamp": "2025-07-23T14:21:05+00:00", "status": 404, "url": "/api/data/...", "request_method": "DELETE", "response_time": 0.051, "http_user_agent": "user_agent_2"}
{"@timestamp": "2025-07-23T14:21:06+00:00", "status": 404, "url": "/api/data/...", "request_method": "DELETE", "response_time": 0.024, "http_user_agent": "user_agent_1"}
{"@timestamp": "2025-07-23T14:21:07+00:00", "status": 500, "url": "/api/info/...", "request_method": "PUT", "response_time": 0.052, "http_user_agent": "abc"}
{"@timestamp": "2025-07-23T14:21:08+00:00", "status": 500, "url": "/api/data/...", "request_method": "DELETE", "response_time": 0.045, "http_user_agent": "user_agent_1"}
{"@timestamp": "2025-07-23T14:21:09+00:00", "status": 404, "url": "/api/data/...", "request_method": "PUT", "response_time": 0.089, "http_user_agent": "user_agent_2"}
{"@timestamp": "2025-07-23T14:21:10+00:00", "status": 500, "url": "/api/info/...", "request_method": "PUT", "response_time": 0.061, "http_user_agent": "user_agent_2"}
{"@timestamp": "2025-07-23T14:21:11+00:00", "status": 200, "url": "/api/data/...", "request_method": "PUT", "response_time": 0.048, "http_user_agent": "user_agent_1"}
{"@timestamp": "2025-07-23T14:21:12+00:00", "status": 404, "url": "/api/info/...", "request_method": "POST", "response_time": 0.084, "http_user_agent": "user_agent_2"}
{"@timestamp": "2025-07-23T14:21:13+00:00", "status": 500, "url": "/api/data/...", "request_method": "DELETE", "response_time": 0.077, "http_user_agent": "xyz"}
{"@timestamp": "2025-07-23T14:21:14+00:00", "status": 200, "url": "/api/context/...", "request_method": "GET", "response_time": 0.097, "http_user_agent": "user_agent_1"}
{"@timestamp": "2025-07-23T14:21:15+00:00", "status": 500, "url": "/api/context/...", "request_method": "PUT", "response_time": 0.052, "http_user_agent": "user_agent_2"}
{"@timestamp": "2025-07-23T14:21:16+00:00", "status": 404, "url": "/api/info/...", "request_method": "POST", "response_time": 0.076, "http_user_agent": "xyz"}
{"@timestamp": "2025-07-23T14:21:17+00:00", "status": 200, "url": "/api/context/...", "request_method": "GET", "response_time": 0.058, "http_user_agent": "abc"}
{"@timestamp": "2025-07-23T14:21:18+00:00", "status": 500, "url": "/api/context/...", "request_method": "GET", "response_time": 0.04, "http_user_agent": "abc"}
{"@timestamp": "2025-07-23T14:21:19+00:00", "status": 500, "url": "/api/info/...", "request_method": "DELETE", "response_time": 0.052, "http_user_agent": "abc"}
{"@timestamp": "2025-07-23T14:21:20+00:00", "status": 200, "url": "/api/context/...", "request_method": "PUT", "response_time": 0.023, "http_user_agent": "user_agent_1"}
{"@timestamp": "2025-07-23T14:21:21+00:00", "status": 200, "url": "/api/data/...", "request_method": "GET", "response_time": 0.066, "http_user_agent": "user_agent_2"}
{"@timestamp": "2025-07-23T14:21:22+00:00", "status": 500, "url": "/api/data/...", "request_method": "DELETE", "response_time": 0.067, "http_user_agent": "abc"}
{"@timestamp": "2025-07-23T14:21:23+00:00", "status": 500, "url": "/api/context/...", "request_method": "POST", "response_time": 0.039, "http_user_agent": "abc"}
{"@timestamp": "2025-07-23T14:21:24+00:00", "status": 200, "url": "/api/info/...", "request_method": "POST", "response_time": 0.057, "http_user_agent": "xyz"}
{"@timestamp": "2025-07-23T14:21:25+00:00", "status": 404, "url": "/api/context/...", "request_method": "DELETE", "response_time": 0.078, "http_user_agent": "user_agent_1"}
{"@timestamp": "2025-07-23T14:21:26+00:00", "status": 500, "url": "/api/info/...", "request_method": "DELETE", "response_time": 0.022, "http_user_agent": "user_agent_2"}
{"@timestamp": "2025-07-23T14:21:27+00:00", "status": 404, "url": "/api/context/...", "request_method": "PUT", "response_time": 0.058, "http_user_agent": "user_agent_2"}
{"@timestamp": "2025-07-23T14:21:28+00:00", "status": 500, "url": "/api/context/...", "request_method": "POST", "response_time": 0.081, "http_user_agent": "xyz"}
{"@timestamp": "2025-07-23T14:21:29+00:00", "status": 500, "url": "/api/info/...", "request_method": "DELETE", "response_time": 0.057, "http_user_agent": "abc"}
{"@timestamp": "2025-07-23T14:21:30+00:00", "status": 200, "url": "/api/context/...", "request_method": "DELETE", "response_time": 0.058, "http_user_agent": "user_agent_1"}
{"@timestamp": "2025-07-23T14:21:31+00:00", "status": 404, "url": "/api/data/...", "request_method": "PUT", "response_time": 0.037, "http_user_agent": "abc"}
{"@timestamp": "2025-07-23T14:21:32+00:00", "status": 500, "url": "/api/data/...", "request_method": "GET", "response_time": 0.062, "http_user_agent": "xyz"}
{"@timestamp": "2025-07-23T14:21:33+00:00", "status": 404, "url": "/api/context/...", "request_method": "PUT", "response_time": 0.073, "http_user_agent": "abc"}
{"@timestamp": "2025-07-23T14:21:34+00:00", "status": 500, "url": "/api/context/...", "request_method": "PUT", "response_time": 0.017, "http_user_agent": "user_agent_2"}
{"@timestamp": "2025-07-23T14:21:35+00:00", "status": 500, "url": "/api/info/...", "request_method": "PUT", "response_time": 0.082, "http_user_agent": "user_agent_2"}
{"@timestamp": "2025-07-23T14:21:36+00:00", "status": 200, "url": "/api/data/...", "request_method": "PUT", "response_time": 0.072, "http_user_agent": "xyz"}
{"@timestamp": "2025-07-23T14:21:37+00:00", "status": 500, "url": "/api/context/...", "request_method": "GET", "response_time": 0.055, "http_user_agent": "user_agent_1"}
{"@timestamp": "2025-07-23T14:21:38+00:00", "status": 200, "url": "/api/info/...", "request_method": "POST", "response_time": 0.051, "http_user_agent": "user_agent_1"}
{"@timestamp": "2025-07-23T14:21:39+00:00", "status": 404, "url": "/api/info/...", "request_method": "GET", "response_time": 0.065, "http_user_agent": "user_agent_1"}
{"@timestamp": "2025-07-23T14:21:40+00:00", "status": 500, "url": "/api/context/...", "request_method": "DELETE", "response_time": 0.06, "http_user_agent": "abc"}
{"@timestamp": "2025-07-23T14:21:41+00:00", "status": 200, "url": "/api/data/...", "request_method": "DELETE", "response_time": 0.018, "http_user_agent": "abc"}
{"@timestamp": "2025-07-23T14:21:42+00:00", "status": 200, "url": "/api/info/...", "request_method": "GET", "response_time": 0.049, "http_user_agent": "xyz"}
{"@timestamp": "2025-07-23T14:21:43+00:00", "status": 404, "url": "/api/data/...", "request_method": "POST", "response_time": 0.056, "http_user_agent": "abc"}
{"@timestamp": "2025-07-23T14:21:44+00:00", "status": 404, "url": "/api/info/...", "request_method": "POST", "response_time": 0.024, "http_user_agent": "user_agent_2"}
{"@timestamp": "2025-07-23T14:21:45+00:00", "status": 200, "url": "/api/context/...", "request_method": "PUT", "response_time": 0.046, "http_user_agent": "abc"}
{"@timestamp": "2025-07-23T14:21:46+00:00", "status": 404, "url": "/api/data/...", "request_method": "POST", "response_time": 0.023, "http_user_agent": "xyz"}
{"@timestamp": "2025-07-23T14:21:47+00:00", "status": 200, "url": "/api/context/...", "request_method": "GET", "response_time": 0.069, "http_user_agent": "xyz"}
{"@timestamp": "2025-07-23T14:21:48+00:00", "status": 200, "url": "/api/info/...", "request_method": "DELETE", "response_time": 0.081, "http_user_agent": "user_agent_1"}
{"@timestamp": "2025-07-23T14:21:49+00:00", "status": 200, "url": "/api/data/...", "request_method": "GET", "response_time": 0.037, "http_user_agent": "user_agent_2"}
{"@timestamp": "2025-07-23T14:21:50+00:00", "status": 404, "url": "/api/info/...", "request_method": "POST", "response_time": 0.057, "http_user_agent": "abc"}
{"@timestamp": "2025-07-23T14:21:51+00:00", "status": 200, "url": "/api/data/...", "request_method": "DELETE", "response_time": 0.016, "http_user_agent": "user_agent_1"}
{"@timestamp": "2025-07-23T14:21:52+00:00", "status": 404, "url": "/api/info/...", "request_method": "POST", "response_time": 0.063, "http_user_agent": "user_agent_2"}
{"@timestamp": "2025-07-23T14:21:53+00:00", "status": 500, "url": "/api/data/...", "request_method": "DELETE", "response_time": 0.029, "http_user_agent": "user_agent_1"}
{"@timestamp": "2025-07-23T14:21:54+00:00", "status": 404, "url": "/api/context/...", "request_method": "DELETE", "response_time": 0.022, "http_user_agent": "abc"}
{"@timestamp": "2025-07-23T14:21:55+00:00", "status": 404, "url": "/api/data/...", "request_method": "POST", "response_time": 0.017, "http_user_agent": "user_agent_2"}
{"@timestamp": "2025-07-23T14:21:56+00:00", "status": 200, "url": "/api/data/...", "request_method": "DELETE", "response_time": 0.083, "http_user_agent": "user_agent_2"}
{"@timestamp": "2025-07-23T14:21:57+00:00", "status": 500, "url": "/api/context/...", "request_method": "GET", "response_time": 0.1, "http_user_agent": "user_agent_1"}
{"@timestamp": "2025-07-23T14:21:58+00:00", "status": 404, "url": "/api/info/...", "request_method": "POST", "response_time": 0.054, "http_user_agent": "xyz"}
{"@timestamp": "2025-07-23T14:21:59+00:00", "status": 200, "url": "/api/data/...", "request_method": "PUT", "response_time": 0.025, "http_user_agent": "user_agent_1"}
{"@timestamp": "2025-07-23T14:22:00+00:00", "status": 200, "url": "/api/data/...", "request_method": "GET", "response_time": 0.037, "http_user_agent": "xyz"}
{"@timestamp": "2025-07-23T14:22:01+00:00", "status": 200, "url": "/api/context/...", "request_method": "GET", "response_time": 0.092, "http_user_agent": "xyz"}
{"@timestamp": "2025-07-23T14:22:02+00:00", "status": 200, "url": "/api/data/...", "request_method": "PUT", "response_time": 0.079, "http_user_agent": "abc"}
{"@timestamp": "2025-07-23T14:22:03+00:00", "status": 404, "url": "/api/data/...", "request_method": "DELETE", "response_time": 0.072, "http_user_agent": "user_agent_2"}
{"@timestamp": "2025-07-23T14:22:04+00:00", "status": 404, "url": "/api/context/...", "request_method": "GET", "response_time": 0.042, "http_user_agent": "user_agent_2"}
{"@timestamp": "2025-07-23T14:22:05+00:00", "status": 500, "url": "/api/context/...", "request_method": "PUT", "response_time": 0.083, "http_user_agent": "abc"}
{"@timestamp": "2025-07-23T14:22:06+00:00", "status": 200, "url": "/api/context/...", "request_method": "DELETE", "response_time": 0.052, "http_user_agent": "user_agent_2"}
{"@timestamp": "2025-07-23T14:22:07+00:00", "status": 200, "url": "/api/info/...", "request_method": "POST", "response_time": 0.063, "http_user_agent": "abc"}
{"@timestamp": "2025-07-23T14:22:08+00:00", "status": 200, "url": "/api/context/...", "request_method": "POST", "response_time": 0.033, "http_user_agent": "xyz"}
{"@timestamp": "2025-07-23T14:22:09+00:00", "status": 404, "url": "/api/context/...", "request_method": "POST", "response_time": 0.076, "http_user_agent": "user_agent_2"}
{"@timestamp": "2025-07-23T14:22:10+00:00", "status": 200, "url": "/api/info/...", "request_method": "GET", "response_time": 0.065, "http_user_agent": "xyz"}
{"@timestamp": "2025-07-23T14:22:11+00:00", "status": 404, "url": "/api/context/...", "request_method": "GET", "response_time": 0.058, "http_user_agent": "xyz"}
{"@timestamp": "2025-07-23T14:22:12+00:00", "status": 200, "url": "/api/data/...", "request_method": "GET", "response_time": 0.076, "http_user_agent": "xyz"}
{"@timestamp": "2025-07-23T14:22:13+00:00", "status": 200, "url": "/api/context/...", "request_method": "POST", "response_time": 0.088, "http_user_agent": "xyz"}
{"@timestamp": "2025-07-23T14:22:14+00:00", "status": 200, "url": "/api/data/...", "request_method": "POST", "response_time": 0.031, "http_user_agent": "user_agent_1"}
{"@timestamp": "2025-07-23T14:22:15+00:00", "status": 500, "url": "/api/context/...", "request_method": "PUT", "response_time": 0.08, "http_user_agent": "user_agent_1"}
{"@timestamp": "2025-07-23T14:22:16+00:00", "status": 500, "url": "/api/context/...", "request_method": "POST", "response_time": 0.069, "http_user_agent": "xyz"}
{"@timestamp": "2025-07-23T14:22:17+00:00", "status": 200, "url": "/api/data/...", "request_method": "POST", "response_time": 0.049, "http_user_agent": "user_agent_2"}
{"@timestamp": "2025-07-23T14:22:18+00:00", "status": 404, "url": "/api/data/...", "request_method": "PUT", "response_time": 0.052, "http_user_agent": "user_agent_2"}
{"@timestamp": "2025-07-23T14:22:19+00:00", "status": 200, "url": "/api/data/...", "request_method": "POST", "response_time": 0.073, "http_user_agent": "abc"}
{"@timestamp": "2025-07-23T14:22:20+00:00", "status": 404, "url": "/api/info/...", "request_method": "GET", "response_time": 0.077, "http_user_agent": "xyz"}
{"@timestamp": "2025-07-23T14:22:21+00:00", "status": 500, "url": "/api/info/...", "request_method": "DELETE", "response_time": 0.024, "http_user_agent": "xyz"}
{"@timestamp": "2025-07-23T14:22:22+00:00", "status": 404, "url": "/api/data/...", "request_method": "DELETE", "response_time": 0.022, "http_user_agent": "user_agent_2"}
{"@timestamp": "2025-07-23T14:22:23+00:00", "status": 200, "url": "/api/data/...", "request_method": "DELETE", "response_time": 0.043, "http_user_agent": "user_agent_1"}
{"@timestamp": "2025-07-23T14:22:24+00:00", "status": 404, "url": "/api/data/...", "request_method": "PUT", "response_time": 0.017, "http_user_agent": "abc"}
{"@timestamp": "2025-07-23T14:22:25+00:00", "status": 200, "url": "/api/context/...", "request_method": "POST", "response_time": 0.031, "http_user_agent": "user_agent_1"}
{"@timestamp": "2025-07-23T14:22:26+00:00", "status": 404, "url": "/api/data/...", "request_method": "PUT", "response_time": 0.025, "http_user_agent": "xyz"}
{"@timestamp": "2025-07-23T14:22:27+00:00", "status": 200, "url": "/api/info/...", "request_method": "PUT", "response_time": 0.026, "http_user_agent": "abc"}
{"@timestamp": "2025-07-23T14:22:28+00:00", "status": 200, "url": "/api/context/...", "request_method": "POST", "response_time": 0.053, "http_user_agent": "abc"}
{"@timestamp": "2025-07-23T14:22:29+00:00", "status": 200, "url": "/api/context/...", "request_method": "DELETE", "response_time": 0.04, "http_user_agent": "user_agent_2"}
{"@timestamp": "2025-07-23T14:22:30+00:00", "status": 404, "url": "/api/context/...", "request_method": "DELETE", "response_time": 0.026, "http_user_agent": "user_agent_1"}
{"@timestamp": "2025-07-23T14:22:31+00:00", "status": 200, "url": "/api/info/...", "request_method": "POST", "response_time": 0.022, "http_user_agent": "xyz"}
{"@timestamp": "2025-07-23T14:22:32+00:00", "status": 404, "url": "/api/data/...", "request_method": "POST", "response_time": 0.062, "http_user_agent": "user_agent_2"}
{"@timestamp": "2025-07-23T14:22:33+00:00", "status": 200, "url": "/api/data/...", "request_method": "DELETE", "response_time": 0.047, "http_user_agent": "user_agent_2"}
{"@timestamp": "2025-07-23T14:22:34+00:00", "status": 500, "url": "/api/info/...", "request_method": "GET", "response_time": 0.012, "http_user_agent": "user_agent_2"}
{"@timestamp": "2025-07-23T14:22:35+00:00", "status": 200, "url": "/api/data/...", "request_method": "POST", "response_time": 0.059, "http_user_agent": "abc"}
{"@timestamp": "2025-07-23T14:22:36+00:00", "status": 500, "url": "/api/info/...", "request_method": "DELETE", "response_time": 0.043, "http_user_agent": "user_agent_1"}
{"@timestamp": "2025-07-23T14:22:37+00:00", "status": 500, "url": "/api/info/...", "request_method": "POST", "response_time": 0.028, "http_user_agent": "xyz"}
{"@timestamp": "2025-07-23T14:22:38+00:00", "status": 200, "url": "/api/context/...", "request_method": "POST", "response_time": 0.047, "http_user_agent": "abc"}
{"@timestamp": "2025-07-23T14:22:39+00:00", "status": 200, "url": "/api/context/...", "request_method": "GET", "response_time": 0.084, "http_user_agent": "user_agent_1"}
{"@timestamp": "2025-07-23T14:22:40+00:00", "status": 500, "url": "/api/context/...", "request_method": "PUT", "response_time": 0.049, "http_user_agent": "xyz"}
{"@timestamp": "2025-07-23T14:22:41+00:00", "status": 404, "url": "/api/info/...", "request_method": "POST", "response_time": 0.098, "http_user_agent": "xyz"}
{"@timestamp": "2025-07-23T14:22:42+00:00", "status": 500, "url": "/api/info/...", "request_method": "GET", "response_time": 0.081, "http_user_agent": "user_agent_1"}
{"@timestamp": "2025-07-23T14:22:43+00:00", "status": 404, "url": "/api/info/...", "request_method": "GET", "response_time": 0.09, "http_user_agent": "user_agent_1"}
{"@timestamp": "2025-07-23T14:22:44+00:00", "status": 500, "url": "/api/data/...", "request_method": "POST", "response_time": 0.078, "http_user_agent": "abc"}
{"@timestamp": "2025-07-23T14:22:45+00:00", "status": 200, "url": "/api/data/...", "request_method": "POST", "response_time": 0.061, "http_user_agent": "abc"}
{"@timestamp": "2025-07-23T14:22:46+00:00", "status": 500, "url": "/api/info/...", "request_method": "PUT", "response_time": 0.061, "http_user_agent": "xyz"}
{"@timestamp": "2025-07-23T14:22:47+00:00", "status": 500, "url": "/api/data/...", "request_method": "PUT", "response_time": 0.018, "http_user_agent": "user_agent_1"}
{"@timestamp": "2025-07-23T14:22:48+00:00", "status": 200, "url": "/api/context/...", "request_method": "PUT", "response_time": 0.081, "http_user_agent": "xyz"}
{"@timestamp": "2025-07-23T14:22:49+00:00", "status": 200, "url": "/api/info/...", "request_method": "POST", "response_time": 0.073, "http_user_agent": "user_agent_1"}
{"@timestamp": "2025-07-23T14:22:50+00:00", "status": 404, "url": "/api/data/...", "request_method": "POST", "response_time": 0.067, "http_user_agent": "xyz"}
{"@timestamp": "2025-07-23T14:22:51+00:00", "status": 404, "url": "/api/context/...", "request_method": "PUT", "response_time": 0.075, "http_user_agent": "user_agent_1"}
{"@timestamp": "2025-07-23T14:22:52+00:00", "status": 200, "url": "/api/context/...", "request_method": "DELETE", "response_time": 0.027, "http_user_agent": "xyz"}
{"@timestamp": "2025-07-23T14:22:53+00:00", "status": 404, "url": "/api/data/...", "request_method": "DELETE", "response_time": 0.074, "http_user_agent": "xyz"}
{"@timestamp": "2025-07-23T14:22:54+00:00", "status": 200, "url": "/api/data/...", "request_method": "GET", "response_time": 0.094, "http_user_agent": "abc"}
{"@timestamp": "2025-07-23T14:22:55+00:00", "status": 500, "url": "/api/info/...", "request_method": "PUT", "response_time": 0.017, "http_user_agent": "user_agent_2"}
{"@timestamp": "2025-07-23T14:22:56+00:00", "status": 404, "url": "/api/data/...", "request_method": "GET", "response_time": 0.014, "http_user_agent": "user_agent_2"}
{"@timestamp": "2025-07-23T14:22:57+00:00", "status": 404, "url": "/api/context/...", "request_method": "DELETE", "response_time": 0.033, "http_user_agent": "abc"}
{"@timestamp": "2025-07-23T14:22:58+00:00", "status": 200, "url": "/api/context/...", "request_method": "POST", "response_time": 0.03, "http_user_agent": "xyz"}
{"@timestamp": "2025-07-23T14:22:59+00:00", "status": 200, "url": "/api/context/...", "request_method": "GET", "response_time": 0.096, "http_user_agent": "user_agent_2"}
{"@timestamp": "2025-07-23T14:23:00+00:00", "status": 200, "url": "/api/data/...", "request_method": "DELETE", "response_time": 0.047, "http_user_agent": "user_agent_1"}
{"@timestamp": "2025-07-23T14:23:01+00:00", "status": 200, "url": "/api/context/...", "request_method": "PUT", "response_time": 0.046, "http_user_agent": "user_agent_1"}
{"@timestamp": "2025-07-23T14:23:02+00:00", "status": 404, "url": "/api/data/...", "request_method": "POST", "response_time": 0.083, "http_user_agent": "xyz"}
{"@timestamp": "2025-07-23T14:23:03+00:00", "status": 500, "url": "/api/data/...", "request_method": "PUT", "response_time": 0.055, "http_user_agent": "user_agent_1"}
{"@timestamp": "2025-07-23T14:23:04+00:00", "status": 200, "url": "/api/context/...", "request_method": "PUT", "response_time": 0.094, "http_user_agent": "user_agent_2"}
{"@timestamp": "2025-07-23T14:23:05+00:00", "status": 500, "url": "/api/data/...", "request_method": "GET", "response_time": 0.051, "http_user_agent": "xyz"}
{"@timestamp": "2025-07-23T14:23:06+00:00", "status": 404, "url": "/api/context/...", "request_method": "PUT", "response_time": 0.062, "http_user_agent": "abc"}
{"@timestamp": "2025-07-23T14:23:07+00:00", "status": 500, "url": "/api/context/...", "request_method": "GET", "response_time": 0.083, "http_user_agent": "abc"}
{"@timestamp": "2025-07-23T14:23:08+00:00", "status": 404, "url": "/api/data/...", "request_method": "PUT", "response_time": 0.076, "http_user_agent": "user_agent_1"}
{"@timestamp": "2025-07-23T14:23:09+00:00", "status": 200, "url": "/api/data/...", "request_method": "POST", "response_time": 0.018, "http_user_agent": "user_agent_2"}
{"@timestamp": "2025-07-23T14:23:10+00:00", "status": 200, "url": "/api/context/...", "request_method": "DELETE", "response_time": 0.076, "http_user_agent": "user_agent_2"}
{"@timestamp": "2025-07-23T14:23:11+00:00", "status": 404, "url": "/api/info/...", "request_method": "PUT", "response_time": 0.016, "http_user_agent": "user_agent_1"}
{"@timestamp": "2025-07-23T14:23:12+00:00", "status": 200, "url": "/api/info/...", "request_method": "GET", "response_time": 0.08, "http_user_agent": "xyz"}
{"@timestamp": "2025-07-23T14:23:13+00:00", "status": 200, "url": "/api/info/...", "request_method": "PUT", "response_time": 0.099, "http_user_agent": "xyz"}
{"@timestamp": "2025-07-23T14:23:14+00:00", "status": 200, "url": "/api/info/...", "request_method": "GET", "response_time": 0.081, "http_user_agent": "xyz"}
{"@timestamp": "2025-07-23T14:23:15+00:00", "status": 500, "url": "/api/info/...", "request_method": "PUT", "response_time": 0.048, "http_user_agent": "xyz"}
{"@timestamp": "2025-07-23T14:23:16+00:00", "status": 404, "url": "/api/context/...", "request_method": "GET", "response_time": 0.086, "http_user_agent": "abc"}
{"@timestamp": "2025-07-23T14:23:17+00:00", "status": 404, "url": "/api/data/...", "request_method": "PUT", "response_time": 0.097, "http_user_agent": "user_agent_1"}
{"@timestamp": "2025-07-23T14:23:18+00:00", "status": 404, "url": "/api/data/...", "request_method": "POST", "response_time": 0.09, "http_user_agent": "user_agent_2"}
{"@timestamp": "2025-07-23T14:23:19+00:00", "status": 500, "url": "/api/context/...", "request_method": "GET", "response_time": 0.088, "http_user_agent": "abc"}
{"@timestamp": "2025-07-23T14:23:20+00:00", "status": 404, "url": "/api/data/...", "request_method": "POST", "response_time": 0.072, "http_user_agent": "xyz"}
{"@timestamp": "2025-07-23T14:23:21+00:00", "status": 200, "url": "/api/info/...", "request_method": "PUT", "response_time": 0.014, "http_user_agent": "user_agent_1"}
{"@timestamp": "2025-07-23T14:23:22+00:00", "status": 404, "url": "/api/data/...", "request_method": "PUT", "response_time": 0.09, "http_user_agent": "abc"}
{"@timestamp": "2025-07-23T14:23:23+00:00", "status": 200, "url": "/api/context/...", "request_method": "PUT", "response_time": 0.013, "http_user_agent": "user_agent_2"}
{"@timestamp": "2025-07-23T14:23:24+00:00", "status": 404, "url": "/api/info/...", "request_method": "DELETE", "response_time": 0.029, "http_user_agent": "xyz"}
{"@timestamp": "2025-07-23T14:23:25+00:00", "status": 200, "url": "/api/context/...", "request_method": "PUT", "response_time": 0.037, "http_user_agent": "user_agent_1"}
{"@timestamp": "2025-07-23T14:23:26+00:00", "status": 404, "url": "/api/data/...", "request_method": "DELETE", "response_time": 0.03, "http_user_agent": "xyz"}
{"@timestamp": "2025-07-23T14:23:27+00:00", "status": 200, "url": "/api/info/...", "request_method": "DELETE", "response_time": 0.022, "http_user_agent": "user_agent_1"}
{"@timestamp": "2025-07-23T14:23:28+00:00", "status": 200, "url": "/api/context/...", "request_method": "DELETE", "response_time": 0.019, "http_user_agent": "abc"}
{"@timestamp": "2025-07-23T14:23:29+00:00", "status": 404, "url": "/api/info/...", "request_method": "PUT", "response_time": 0.012, "http_user_agent": "user_agent_1"}
{"@timestamp": "2025-07-23T14:23:30+00:00", "status": 200, "url": "/api/data/...", "request_method": "DELETE", "response_time": 0.042, "http_user_agent": "abc"}
{"@timestamp": "2025-07-23T14:23:31+00:00", "status": 200, "url": "/api/info/...", "request_method": "DELETE", "response_time": 0.055, "http_user_agent": "user_agent_1"}
{"@timestamp": "2025-07-23T14:23:32+00:00", "status": 200, "url": "/api/info/...", "request_method": "DELETE", "response_time": 0.069, "http_user_agent": "xyz"}
{"@timestamp": "2025-07-23T14:23:33+00:00", "status": 404, "url": "/api/info/...", "request_method": "PUT", "response_time": 0.05, "http_user_agent": "user_agent_2"}
{"@timestamp": "2025-07-23T14:23:34+00:00", "status": 200, "url": "/api/data/...", "request_method": "PUT", "response_time": 0.057, "http_user_agent": "abc"}
{"@timestamp": "2025-07-23T14:23:35+00:00", "status": 404, "url": "/api/data/...", "request_method": "GET", "response_time": 0.087, "http_user_agent": "user_agent_1"}
{"@timestamp": "2025-07-23T14:23:36+00:00", "status": 200, "url": "/api/context/...", "request_method": "GET", "response_time": 0.098, "http_user_agent": "user_agent_2"}
{"@timestamp": "2025-07-23T14:23:37+00:00", "status": 200, "url": "/api/context/...", "request_method": "DELETE", "response_time": 0.042, "http_user_agent": "xyz"}
{"@timestamp": "2025-07-23T14:23:38+00:00", "status": 404, "url": "/api/context/...", "request_method": "POST", "response_time": 0.019, "http_user_agent": "user_agent_1"}
{"@timestamp": "2025-07-23T14:23:39+00:00", "status": 500, "url": "/api/context/...", "request_method": "PUT", "response_time": 0.057, "http_user_agent": "xyz"}
{"@timestamp": "2025-07-23T14:23:40+00:00", "status": 200, "url": "/api/context/...", "request_method": "DELETE", "response_time": 0.071, "http_user_agent": "abc"}
{"@timestamp": "2025-07-23T14:23:41+00:00", "status": 404, "url": "/api/info/...", "request_method": "PUT", "response_time": 0.096, "http_user_agent": "user_agent_2"}
{"@timestamp": "2025-07-23T14:23:42+00:00", "status": 500, "url": "/api/context/...", "request_method": "PUT", "response_time": 0.03, "http_user_agent": "user_agent_1"}
{"@timestamp": "2025-07-23T14:23:43+00:00", "status": 200, "url": "/api/data/...", "request_method": "PUT", "response_time": 0.082, "http_user_agent": "user_agent_2"}
{"@timestamp": "2025-07-23T14:23:44+00:00", "status": 404, "url": "/api/info/...", "request_method": "POST", "response_time": 0.091, "http_user_agent": "user_agent_1"}
{"@timestamp": "2025-07-23T14:23:45+00:00", "status": 200, "url": "/api/info/...", "request_method": "PUT", "response_time": 0.019, "http_user_agent": "user_agent_1"}
{"@timestamp": "2025-07-23T14:23:46+00:00", "status": 404, "url": "/api/info/...", "request_method": "POST", "response_time": 0.044, "http_user_agent": "abc"}
{"@timestamp": "2025-07-23T14:23:47+00:00", "status": 404, "url": "/api/data/...", "request_method": "POST", "response_time": 0.1, "http_user_agent": "user_agent_1"}
{"@timestamp": "2025-07-23T14:23:48+00:00", "status": 200, "url": "/api/data/...", "request_method": "DELETE", "response_time": 0.065, "http_user_agent": "xyz"}
{"@timestamp": "2025-07-23T14:23:49+00:00", "status": 200, "url": "/api/data/...", "request_method": "PUT", "response_time": 0.083, "http_user_agent": "user_agent_2"}
{"@timestamp": "2025-07-23T14:23:50+00:00", "status": 404, "url": "/api/data/...", "request_method": "GET", "response_time": 0.02, "http_user_agent": "xyz"}
{"@timestamp": "2025-07-23T14:23:51+00:00", "status": 200, "url": "/api/context/...", "request_method": "GET", "response_time": 0.012, "http_user_agent": "xyz"}
{"@timestamp": "2025-07-23T14:23:52+00:00", "status": 200, "url": "/api/context/...", "request_method": "GET", "response_time": 0.048, "http_user_agent": "user_agent_2"}
{"@timestamp": "2025-07-23T14:23:53+00:00", "status": 200, "url": "/api/info/...", "request_method": "PUT", "response_time": 0.027, "http_user_agent": "user_agent_1"}
{"@timestamp": "2025-07-23T14:23:54+00:00", "status": 500, "url": "/api/info/...", "request_method": "PUT", "response_time": 0.055, "http_user_agent": "user_agent_1"}
{"@timestamp": "2025-07-23T14:23:55+00:00", "status": 404, "url": "/api/data/...", "request_method": "PUT", "response_time": 0.096, "http_user_agent": "user_agent_2"}
{"@timestamp": "2025-07-23T14:23:56+00:00", "status": 200, "url": "/api/info/...", "request_method": "DELETE", "response_time": 0.084, "http_user_agent": "user_agent_2"}
{"@timestamp": "2025-07-23T14:23:57+00:00", "status": 404, "url": "/api/info/...", "request_method": "PUT", "response_time": 0.014, "http_user_agent": "abc"}
{"@timestamp": "2025-07-23T14:23:58+00:00", "status": 200, "url": "/api/data/...", "request_method": "GET", "response_time": 0.013, "http_user_agent": "user_agent_2"}
{"@timestamp": "2025-07-23T14:23:59+00:00", "status": 404, "url": "/api/info/...", "request_method": "POST", "response_time": 0.095, "http_user_agent": "user_agent_1"}
{"@timestamp": "2025-07-23T14:24:00+00:00", "status": 200, "url": "/api/data/...", "request_method": "PUT", "response_time": 0.072, "http_user_agent": "user_agent_2"}
{"@timestamp": "2025-07-23T14:24:01+00:00", "status": 404, "url": "/api/info/...", "request_method": "POST", "response_time": 0.083, "http_user_agent": "user_agent_2"}
{"@timestamp": "2025-07-23T14:24:02+00:00", "status": 500, "url": "/api/context/...", "request_method": "PUT", "response_time": 0.042, "http_user_agent": "xyz"}
{"@timestamp": "2025-07-23T14:24:03+00:00", "status": 200, "url": "/api/context/...", "request_method": "GET", "response_time": 0.025, "http_user_agent": "user_agent_2"}
{"@timestamp": "2025-07-23T14:24:04+00:00", "status": 500, "url": "/api/data/...", "request_method": "POST", "response_time": 0.014, "http_user_agent": "xyz"}
{"@timestamp": "2025-07-23T14:24:05+00:00", "status": 404, "url": "/api/context/...", "request_method": "POST", "response_time": 0.058, "http_user_agent": "user_agent_1"}
{"@timestamp": "2025-07-23T14:24:06+00:00", "status": 500, "url": "/api/info/...", "request_method": "POST", "response_time": 0.013, "http_user_agent": "xyz"}
{"@timestamp": "2025-07-23T14:24:07+00:00", "status": 200, "url": "/api/data/...", "request_method": "DELETE", "response_time": 0.018, "http_user_agent": "xyz"}
{"@timestamp": "2025-07-23T14:24:08+00:00", "status": 404, "url": "/api/data/...", "request_method": "POST", "response_time": 0.061, "http_user_agent": "xyz"}
{"@timestamp": "2025-07-23T14:24:09+00:00", "status": 500, "url": "/api/info/...", "request_method": "POST", "response_time": 0.037, "http_user_agent": "abc"}
{"@timestamp": "2025-07-23T14:24:10+00:00", "status": 500, "url": "/api/info/...", "request_method": "POST", "response_time": 0.093, "http_user_agent": "abc"}
{"@timestamp": "2025-07-23T14:24:11+00:00", "status": 200, "url": "/api/info/...", "request_method": "GET", "response_time": 0.014, "http_user_agent": "user_agent_2"}
{"@timestamp": "2025-07-23T14:24:12+00:00", "status": 500, "url": "/api/context/...", "request_method": "PUT", "response_time": 0.057, "http_user_agent": "xyz"}
{"@timestamp": "2025-07-23T14:24:13+00:00", "status": 404, "url": "/api/context/...", "request_method": "PUT", "response_time": 0.051, "http_user_agent": "xyz"}
{"@timestamp": "2025-07-23T14:24:14+00:00", "status": 500, "url": "/api/context/...", "request_method": "GET", "response_time": 0.06, "http_user_agent": "user_agent_1"}
{"@timestamp": "2025-07-23T14:24:15+00:00", "status": 500, "url": "/api/info/...", "request_method": "POST", "response_time": 0.061, "http_user_agent": "abc"}
{"@timestamp": "2025-07-23T14:24:16+00:00", "status": 200, "url": "/api/context/...", "request_method": "GET", "response_time": 0.052, "http_user_agent": "xyz"}
{"@timestamp": "2025-07-23T14:24:17+00:00", "status": 500, "url": "/api/info/...", "request_method": "DELETE", "response_time": 0.025, "http_user_agent": "abc"}
{"@timestamp": "2025-07-23T14:24:18+00:00", "status": 200, "url": "/api/context/...", "request_method": "DELETE", "response_time": 0.084, "http_user_agent": "user_agent_2"}
{"@timestamp": "2025-07-23T14:24:19+00:00", "status": 200, "url": "/api/context/...", "request_method": "PUT", "response_time": 0.071, "http_user_agent": "xyz"}
{"@timestamp": "2025-07-23T14:24:20+00:00", "status": 404, "url": "/api/data/...", "request_method": "DELETE", "response_time": 0.062, "http_user_agent": "abc"}
{"@timestamp": "2025-07-23T14:24:21+00:00", "status": 404, "url": "/api/context/...", "request_method": "DELETE", "response_time": 0.098, "http_user_agent": "xyz"}
{"@timestamp": "2025-07-23T14:24:22+00:00", "status": 500, "url": "/api/context/...", "request_method": "POST", "response_time": 0.044, "http_user_agent": "user_agent_1"}
{"@timestamp": "2025-07-23T14:24:23+00:00", "status": 200, "url": "/api/context/...", "request_method": "GET", "response_time": 0.028, "http_user_agent": "user_agent_1"}
{"@timestamp": "2025-07-23T14:24:24+00:00", "status": 404, "url": "/api/info/...", "request_method": "GET", "response_time": 0.09, "http_user_agent": "user_agent_1"}
{"@timestamp": "2025-07-23T14:24:25+00:00", "status": 500, "url": "/api/context/...", "request_method": "DELETE", "response_time": 0.081, "http_user_agent": "user_agent_1"}
{"@timestamp": "2025-07-23T14:24:26+00:00", "status": 404, "url": "/api/context/...", "request_method": "POST", "response_time": 0.051, "http_user_agent": "user_agent_2"}
{"@timestamp": "2025-07-23T14:24:27+00:00", "status": 200, "url": "/api/data/...", "request_method": "GET", "response_time": 0.055, "http_user_agent": "user_agent_2"}
{"@timestamp": "2025-07-23T14:24:28+00:00", "status": 404, "url": "/api/info/...", "request_method": "DELETE", "response_time": 0.089, "http_user_agent": "xyz"}
{"@timestamp": "2025-07-23T14:24:29+00:00", "status": 404, "url": "/api/data/...", "request_method": "POST", "response_time": 0.012, "http_user_agent": "xyz"}
{"@timestamp": "2025-07-23T14:24:30+00:00", "status": 200, "url": "/api/info/...", "request_method": "PUT", "response_time": 0.044, "http_user_agent": "user_agent_2"}
{"@timestamp": "2025-07-23T14:24:31+00:00", "status": 500, "url": "/api/info/...", "request_method": "POST", "response_time": 0.021, "http_user_agent": "xyz"}
{"@timestamp": "2025-07-23T14:24:32+00:00", "status": 404, "url": "/api/data/...", "request_method": "POST", "response_time": 0.016, "http_user_agent": "abc"}
{"@timestamp": "2025-07-23T14:24:33+00:00", "status": 500, "url": "/api/data/...", "request_method": "PUT", "response_time": 0.073, "http_user_agent": "abc"}
{"@timestamp": "2025-07-23T14:24:34+00:00", "status": 404, "url": "/api/data/...", "request_method": "DELETE", "response_time": 0.04, "http_user_agent": "xyz"}
{"@timestamp": "2025-07-23T14:24:35+00:00", "status": 500, "url": "/api/context/...", "request_method": "PUT", "response_time": 0.028, "http_user_agent": "xyz"}
{"@timestamp": "2025-07-23T14:24:36+00:00", "status": 404, "url": "/api/context/...", "request_method": "PUT", "response_time": 0.096, "http_user_agent": "user_agent_2"}
{"@timestamp": "2025-07-23T14:24:37+00:00", "status": 404, "url": "/api/context/...", "request_method": "GET", "response_time": 0.064, "http_user_agent": "user_agent_1"}
{"@timestamp": "2025-07-23T14:24:38+00:00", "status": 200, "url": "/api/info/...", "request_method": "POST", "response_time": 0.021, "http_user_agent": "user_agent_2"}
{"@timestamp": "2025-07-23T14:24:39+00:00", "status": 200, "url": "/api/data/...", "request_method": "DELETE", "response_time": 0.017, "http_user_agent": "user_agent_2"}
{"@timestamp": "2025-07-23T14:24:40+00:00", "status": 500, "url": "/api/context/...", "request_method": "POST", "response_time": 0.016, "http_user_agent": "xyz"}
{"@timestamp": "2025-07-23T14:24:41+00:00", "status": 200, "url": "/api/data/...", "request_method": "POST", "response_time": 0.071, "http_user_agent": "user_agent_2"}
{"@timestamp": "2025-07-23T14:24:42+00:00", "status": 500, "url": "/api/data/...", "request_method": "PUT", "response_time": 0.068, "http_user_agent": "xyz"}
{"@timestamp": "2025-07-23T14:24:43+00:00", "status": 200, "url": "/api/info/...", "request_method": "POST", "response_time": 0.057, "http_user_agent": "user_agent_2"}
{"@timestamp": "2025-07-23T14:24:44+00:00", "status": 404, "url": "/api/data/...", "request_method": "POST", "response_time": 0.061, "http_user_agent": "xyz"}
{"@timestamp": "2025-07-23T14:24:45+00:00", "status": 500, "url": "/api/context/...", "request_method": "DELETE", "response_time": 0.056, "http_user_agent": "user_agent_1"}
{"@timestamp": "2025-07-23T14:24:46+00:00", "status": 200, "url": "/api/info/...", "request_method": "GET", "response_time": 0.063, "http_user_agent": "xyz"}
{"@timestamp": "2025-07-23T14:24:47+00:00", "status": 404, "url": "/api/context/...", "request_method": "GET", "response_time": 0.068, "http_user_agent": "abc"}
{"@timestamp": "2025-07-23T14:24:48+00:00", "status": 500, "url": "/api/data/...", "request_method": "POST", "response_time": 0.094, "http_user_agent": "user_agent_2"}
{"@timestamp": "2025-07-23T14:24:49+00:00", "status": 404, "url": "/api/context/...", "request_method": "POST", "response_time": 0.044, "http_user_agent": "user_agent_1"}
{"@timestamp": "2025-07-23T14:24:50+00:00", "status": 404, "url": "/api/info/...", "request_method": "GET", "response_time": 0.058, "http_user_agent": "xyz"}
{"@timestamp": "2025-07-23T14:24:51+00:00", "status": 404, "url": "/api/context/...", "request_method": "POST", "response_time": 0.015, "http_user_agent": "user_agent_2"}
{"@timestamp": "2025-07-23T14:24:52+00:00", "status": 404, "url": "/api/info/...", "request_method": "GET", "response_time": 0.1, "http_user_agent": "user_agent_1"}
{"@timestamp": "2025-07-23T14:24:53+00:00", "status": 500, "url": "/api/context/...", "request_method": "GET", "response_time": 0.05, "http_user_agent": "xyz"}
{"@timestamp": "2025-07-23T14:24:54+00:00", "status": 404, "url": "/api/context/...", "request_method": "DELETE", "response_time": 0.073, "http_user_agent": "xyz"}
{"@timestamp": "2025-07-23T14:24:55+00:00", "status": 404, "url": "/api/data/...", "request_method": "DELETE", "response_time": 0.036, "http_user_agent": "abc"}
{"@timestamp": "2025-07-23T14:24:56+00:00", "status": 200, "url": "/api/info/...", "request_method": "GET", "response_time": 0.076, "http_user_agent": "abc"}
{"@timestamp": "2025-07-23T14:24:57+00:00", "status": 200, "url": "/api/info/...", "request_method": "GET", "response_time": 0.034, "http_user_agent": "abc"}
{"@timestamp": "2025-07-23T14:24:58+00:00", "status": 500, "url": "/api/data/...", "request_method": "DELETE", "response_time": 0.042, "http_user_agent": "abc"}
{"@timestamp": "2025-07-23T14:24:59+00:00", "status": 200, "url": "/api/context/...", "request_method": "PUT", "response_time": 0.073, "http_user_agent": "xyz"}
{"@timestamp": "2025-07-23T14:25:00+00:00", "status": 500, "url": "/api/data/...", "request_method": "POST", "response_time": 0.081, "http_user_agent": "user_agent_1"}
{"@timestamp": "2025-07-23T14:25:01+00:00", "status": 404, "url": "/api/data/...", "request_method": "POST", "response_time": 0.017, "http_user_agent": "user_agent_2"}
{"@timestamp": "2025-07-23T14:25:02+00:00", "status": 200, "url": "/api/data/...", "request_method": "DELETE", "response_time": 0.061, "http_user_agent": "user_agent_1"}
{"@timestamp": "2025-07-23T14:25:03+00:00", "status": 500, "url": "/api/data/...", "request_method": "GET", "response_time": 0.098, "http_user_agent": "user_agent_2"}
{"@timestamp": "2025-07-23T14:25:04+00:00", "status": 500, "url": "/api/info/...", "request_method": "DELETE", "response_time": 0.061, "http_user_agent": "xyz"}
{"@timestamp": "2025-07-23T14:25:05+00:00", "status": 500, "url": "/api/context/...", "request_method": "PUT", "response_time": 0.055, "http_user_agent": "abc"}
{"@timestamp": "2025-07-23T14:25:06+00:00", "status": 404, "url": "/api/context/...", "request_method": "POST", "response_time": 0.03, "http_user_agent": "abc"}
{"@timestamp": "2025-07-23T14:25:07+00:00", "status": 404, "url": "/api/info/...", "request_method": "GET", "response_time": 0.029, "http_user_agent": "user_agent_1"}
{"@timestamp": "2025-07-23T14:25:08+00:00", "status": 404, "url": "/api/context/...", "request_method": "DELETE", "response_time": 0.051, "http_user_agent": "user_agent_1"}
{"@timestamp": "2025-07-23T14:25:09+00:00", "status": 500, "url": "/api/info/...", "request_method": "PUT", "response_time": 0.094, "http_user_agent": "user_agent_2"}
{"@timestamp": "2025-07-23T14:25:10+00:00", "status": 404, "url": "/api/info/...", "request_method": "POST", "response_time": 0.081, "http_user_agent": "user_agent_2"}
{"@timestamp": "2025-07-23T14:25:11+00:00", "status": 404, "url": "/api/context/...", "request_method": "POST", "response_time": 0.066, "http_user_agent": "user_agent_1"}
{"@timestamp": "2025-07-23T14:25:12+00:00", "status": 200, "url": "/api/data/...", "request_method": "DELETE", "response_time": 0.023, "http_user_agent": "abc"}
{"@timestamp": "2025-07-23T14:25:13+00:00", "status": 200, "url": "/api/context/...", "request_method": "GET", "response_time": 0.056, "http_user_agent": "xyz"}
{"@timestamp": "2025-07-23T14:25:14+00:00", "status": 500, "url": "/api/context/...", "request_method": "PUT", "response_time": 0.032, "http_user_agent": "user_agent_1"}
{"@timestamp": "2025-07-23T14:25:15+00:00", "status": 200, "url": "/api/context/...", "request_method": "PUT", "response_time": 0.053, "http_user_agent": "user_agent_1"}
{"@timestamp": "2025-07-23T14:25:16+00:00", "status": 404, "url": "/api/info/...", "request_method": "DELETE", "response_time": 0.036, "http_user_agent": "abc"}
{"@timestamp": "2025-07-23T14:25:17+00:00", "status": 200, "url": "/api/context/...", "request_method": "PUT", "response_time": 0.078, "http_user_agent": "user_agent_1"}
{"@timestamp": "2025-07-23T14:25:18+00:00", "status": 200, "url": "/api/context/...", "request_method": "POST", "response_time": 0.029, "http_user_agent": "xyz"}
{"@timestamp": "2025-07-23T14:25:19+00:00", "status": 200, "url": "/api/data/...", "request_method": "GET", "response_time": 0.045, "http_user_agent": "user_agent_2"}
{"@timestamp": "2025-07-23T14:25:20+00:00", "status": 200, "url": "/api/info/...", "request_method": "PUT", "response_time": 0.071, "http_user_agent": "xyz"}
{"@timestamp": "2025-07-23T14:25:21+00:00", "status": 404, "url": "/api/data/...", "request_method": "GET", "response_time": 0.018, "http_user_agent": "abc"}
{"@timestamp": "2025-07-23T14:25:22+00:00", "status": 200, "url": "/api/context/...", "request_method": "GET", "response_time": 0.053, "http_user_agent": "user_agent_1"}
{"@timestamp": "2025-07-23T14:25:23+00:00", "status": 500, "url": "/api/context/...", "request_method": "PUT", "response_time": 0.057, "http_user_agent": "user_agent_1"}
{"@timestamp": "2025-07-23T14:25:24+00:00", "status": 200, "url": "/api/data/...", "request_method": "POST", "response_time": 0.078, "http_user_agent": "user_agent_1"}
{"@timestamp": "2025-07-23T14:25:25+00:00", "status": 500, "url": "/api/data/...", "request_method": "PUT", "response_time": 0.042, "http_user_agent": "user_agent_2"}
{"@timestamp": "2025-07-23T14:25:26+00:00", "status": 500, "url": "/api/context/...", "request_method": "POST", "response_time": 0.034, "http_user_agent": "abc"}
{"@timestamp": "2025-07-23T14:25:27+00:00", "status": 500, "url": "/api/context/...", "request_method": "PUT", "response_time": 0.06, "http_user_agent": "abc"}
{"@timestamp": "2025-07-23T14:25:28+00:00", "status": 404, "url": "/api/context/...", "request_method": "GET", "response_time": 0.097, "http_user_agent": "abc"}
{"@timestamp": "2025-07-23T14:25:29+00:00", "status": 200, "url": "/api/data/...", "request_method": "GET", "response_time": 0.057, "http_user_agent": "user_agent_1"}
{"@timestamp": "2025-07-23T14:25:30+00:00", "status": 404, "url": "/api/data/...", "request_method": "POST", "response_time": 0.042, "http_user_agent": "xyz"}
{"@timestamp": "2025-07-23T14:25:31+00:00", "status": 404, "url": "/api/data/...", "request_method": "POST", "response_time": 0.037, "http_user_agent": "abc"}
{"@timestamp": "2025-07-23T14:25:32+00:00", "status": 500, "url": "/api/info/...", "request_method": "GET", "response_time": 0.031, "http_user_agent": "user_agent_2"}
{"@timestamp": "2025-07-23T14:25:33+00:00", "status": 200, "url": "/api/context/...", "request_method": "POST", "response_time": 0.035, "http_user_agent": "user_agent_1"}
{"@timestamp": "2025-07-23T14:25:34+00:00", "status": 404, "url": "/api/context/...", "request_method": "POST", "response_time": 0.082, "http_user_agent": "user_agent_1"}
{"@timestamp": "2025-07-23T14:25:35+00:00", "status": 500, "url": "/api/info/...", "request_method": "DELETE", "response_time": 0.046, "http_user_agent": "xyz"}
{"@timestamp": "2025-07-23T14:25:36+00:00", "status": 404, "url": "/api/context/...", "request_method": "DELETE", "response_time": 0.054, "http_user_agent": "abc"}
{"@timestamp": "2025-07-23T14:25:37+00:00", "status": 404, "url": "/api/data/...", "request_method": "POST", "response_time": 0.095, "http_user_agent": "user_agent_1"}
{"@timestamp": "2025-07-23T14:25:38+00:00", "status": 500, "url": "/api/context/...", "request_method": "POST", "response_time": 0.075, "http_user_agent": "user_agent_2"}
{"@timestamp": "2025-07-23T14:25:39+00:00", "status": 500, "url": "/api/context/...", "request_method": "DELETE", "response_time": 0.094, "http_user_agent": "user_agent_1"}
{"@timestamp": "2025-07-23T14:25:40+00:00", "status": 200, "url": "/api/info/...", "request_method": "PUT", "response_time": 0.093, "http_user_agent": "xyz"}
{"@timestamp": "2025-07-23T14:25:41+00:00", "status": 200, "url": "/api/context/...", "request_method": "POST", "response_time": 0.073, "http_user_agent": "abc"}
{"@timestamp": "2025-07-23T14:25:42+00:00", "status": 404, "url": "/api/context/...", "request_method": "PUT", "response_time": 0.071, "http_user_agent": "xyz"}
{"@timestamp": "2025-07-23T14:25:43+00:00", "status": 404, "url": "/api/info/...", "request_method": "GET", "response_time": 0.017, "http_user_agent": "user_agent_1"}
{"@timestamp": "2025-07-23T14:25:44+00:00", "status": 500, "url": "/api/info/...", "request_method": "DELETE", "response_time": 0.045, "http_user_agent": "user_agent_2"}
{"@timestamp": "2025-07-23T14:25:45+00:00", "status": 200, "url": "/api/info/...", "request_method": "POST", "response_time": 0.052, "http_user_agent": "user_agent_2"}
{"@timestamp": "2025-07-23T14:25:46+00:00", "status": 200, "url": "/api/context/...", "request_method": "GET", "response_time": 0.073, "http_user_agent": "abc"}
{"@timestamp": "2025-07-23T14:25:47+00:00", "status": 500, "url": "/api/context/...", "request_method": "PUT", "response_time": 0.075, "http_user_agent": "user_agent_2"}
{"@timestamp": "2025-07-23T14:25:48+00:00", "status": 500, "url": "/api/data/...", "request_method": "POST", "response_time": 0.059, "http_user_agent": "abc"}
{"@timestamp": "2025-07-23T14:25:49+00:00", "status": 200, "url": "/api/info/...", "request_method": "DELETE", "response_time": 0.051, "http_user_agent": "user_agent_2"}
{"@timestamp": "2025-07-23T14:25:50+00:00", "status": 200, "url": "/api/data/...", "request_method": "PUT", "response_time": 0.064, "http_user_agent": "abc"}
{"@timestamp": "2025-07-23T14:25:51+00:00", "status": 200, "url": "/api/data/...", "request_method": "PUT", "response_time": 0.068, "http_user_agent": "abc"}
{"@timestamp": "2025-07-23T14:25:52+00:00", "status": 404, "url": "/api/info/...", "request_method": "POST", "response_time": 0.092, "http_user_agent": "xyz"}
{"@timestamp": "2025-07-23T14:25:53+00:00", "status": 404, "url": "/api/data/...", "request_method": "GET", "response_time": 0.042, "http_user_agent": "xyz"}
{"@timestamp": "2025-07-23T14:25:54+00:00", "status": 500, "url": "/api/info/...", "request_method": "PUT", "response_time": 0.026, "http_user_agent": "abc"}
{"@timestamp": "2025-07-23T14:25:55+00:00", "status": 500, "url": "/api/context/...", "request_method": "GET", "response_time": 0.054, "http_user_agent": "abc"}
{"@timestamp": "2025-07-23T14:25:56+00:00", "status": 404, "url": "/api/context/...", "request_method": "GET", "response_time": 0.011, "http_user_agent": "abc"}
{"@timestamp": "2025-07-23T14:25:57+00:00", "status": 404, "url": "/api/info/...", "request_method": "PUT", "response_time": 0.064, "http_user_agent": "user_agent_2"}
{"@timestamp": "2025-07-23T14:25:58+00:00", "status": 500, "url": "/api/data/...", "request_method": "PUT", "response_time": 0.064, "http_user_agent": "user_agent_2"}
{"@timestamp": "2025-07-23T14:25:59+00:00", "status": 500, "url": "/api/info/...", "request_method": "DELETE", "response_time": 0.041, "http_user_agent": "user_agent_1"}
{"@timestamp": "2025-07-23T14:26:00+00:00", "status": 404, "url": "/api/data/...", "request_method": "DELETE", "response_time": 0.023, "http_user_agent": "user_agent_2"}
{"@timestamp": "2025-07-23T14:26:01+00:00", "status": 200, "url": "/api/data/...", "request_method": "GET", "response_time": 0.053, "http_user_agent": "xyz"}
{"@timestamp": "2025-07-23T14:26:02+00:00", "status": 404, "url": "/api/context/...", "request_method": "POST", "response_time": 0.083, "http_user_agent": "abc"}
{"@timestamp": "2025-07-23T14:26:03+00:00", "status": 500, "url": "/api/context/...", "request_method": "POST", "response_time": 0.047, "http_user_agent": "user_agent_1"}
{"@timestamp": "2025-07-23T14:26:04+00:00", "status": 200, "url": "/api/context/...", "request_method": "GET", "response_time": 0.02, "http_user_agent": "user_agent_2"}
{"@timestamp": "2025-07-23T14:26:05+00:00", "status": 500, "url": "/api/context/...", "request_method": "DELETE", "response_time": 0.096, "http_user_agent": "abc"}
{"@timestamp": "2025-07-23T14:26:06+00:00", "status": 500, "url": "/api/info/...", "request_method": "PUT", "response_time": 0.068, "http_user_agent": "abc"}
{"@timestamp": "2025-07-23T14:26:07+00:00", "status": 200, "url": "/api/data/...", "request_method": "DELETE", "response_time": 0.08, "http_user_agent": "abc"}
